<?xml version="1.0" encoding="UTF-8"?>
<!-- Generated by org.testng.reporters.JUnitXMLReporter -->
<testsuite hostname="mac.local" ignored="0" name="exampletest5" tests="3" failures="0" timestamp="07 Feb 2019 03:56:43 GMT" time="74.593" errors="0">
  <testcase name="testSearchName" time="16.973" classname="sprint0.EmployeeSearch"/>
  <testcase name="testSearchLastname" time="24.366" classname="sprint0.EmployeeSearch"/>
  <testcase name="testSearchInvalid" time="16.913" classname="sprint0.EmployeeSearch"/>
</testsuite> <!-- exampletest5 -->
