<?xml version="1.0" encoding="UTF-8"?>
<!-- Generated by org.testng.reporters.JUnitXMLReporter -->
<testsuite hostname="mac.local" ignored="0" name="exampletest1" tests="6" failures="0" timestamp="07 Feb 2019 03:42:44 GMT" time="63.027" errors="0">
  <testcase name="testUserLogin_valid" time="11.972" classname="sprint0.UserLogin"/>
  <testcase name="testUserLogin_inValid" time="0.936" classname="sprint0.UserLogin"/>
  <testcase name="testUserLogin_inValid" time="0.907" classname="sprint0.UserLogin"/>
  <testcase name="testUserLogin_inValid" time="1.857" classname="sprint0.UserLogin"/>
  <testcase name="testUserLogin_inValid" time="2.452" classname="sprint0.UserLogin"/>
  <testcase name="testUserLogin_inValid" time="1.849" classname="sprint0.UserLogin"/>
</testsuite> <!-- exampletest1 -->
