<?xml version="1.0" encoding="UTF-8"?>
<!-- Generated by org.testng.reporters.JUnitXMLReporter -->
<testsuite hostname="mac.local" ignored="0" name="exampletest2" tests="20" failures="0" timestamp="07 Feb 2019 03:53:21 GMT" time="636.011" errors="0">
  <testcase name="testAddUserValid" time="27.332" classname="sprint0.EmployessAddEmployee"/>
  <testcase name="testAddUserValid" time="23.4" classname="sprint0.EmployessAddEmployee"/>
  <testcase name="testAddUserValid" time="23.038" classname="sprint0.EmployessAddEmployee"/>
  <testcase name="testAddUserValid" time="28.277" classname="sprint0.EmployessAddEmployee"/>
  <testcase name="testAddUserValid" time="26.943" classname="sprint0.EmployessAddEmployee"/>
  <testcase name="testAddUserValid" time="27.839" classname="sprint0.EmployessAddEmployee"/>
  <testcase name="testAddUserDuplicate" time="29.302" classname="sprint0.EmployessAddEmployee"/>
  <testcase name="testAddUserInvalidData" time="22.499" classname="sprint0.EmployessAddEmployee"/>
  <testcase name="testAddUserInvalidData" time="20.552" classname="sprint0.EmployessAddEmployee"/>
  <testcase name="testAddUserInvalidData" time="24.485" classname="sprint0.EmployessAddEmployee"/>
  <testcase name="testAddUserInvalidData" time="20.201" classname="sprint0.EmployessAddEmployee"/>
  <testcase name="testAddUserInvalidData" time="24.564" classname="sprint0.EmployessAddEmployee"/>
  <testcase name="testAddUserInvalidData" time="23.712" classname="sprint0.EmployessAddEmployee"/>
  <testcase name="testAddUserInvalidData" time="24.433" classname="sprint0.EmployessAddEmployee"/>
  <testcase name="testAddUserInvalidData" time="21.217" classname="sprint0.EmployessAddEmployee"/>
  <testcase name="testAddUserInvalidData" time="29.076" classname="sprint0.EmployessAddEmployee"/>
  <testcase name="testAddUserInvalidData" time="22.661" classname="sprint0.EmployessAddEmployee"/>
  <testcase name="testAddUserInvalidData" time="20.337" classname="sprint0.EmployessAddEmployee"/>
  <testcase name="testAddUserInvalidData" time="23.515" classname="sprint0.EmployessAddEmployee"/>
  <testcase name="testAddUserInvalidData" time="29.334" classname="sprint0.EmployessAddEmployee"/>
</testsuite> <!-- exampletest2 -->
