<?xml version="1.0" encoding="UTF-8"?>
<!-- Generated by org.testng.reporters.JUnitXMLReporter -->
<testsuite hostname="mac.local" ignored="0" name="exampletest4" tests="3" failures="0" timestamp="07 Feb 2019 03:55:27 GMT" time="83.786" errors="0">
  <testcase name="testFilterJobTitle" time="20.874" classname="sprint0.EmployeeHomeFilter"/>
  <testcase name="testFilterDepartment" time="23.489" classname="sprint0.EmployeeHomeFilter"/>
  <testcase name="testFilterSupervisor" time="20.797" classname="sprint0.EmployeeHomeFilter"/>
</testsuite> <!-- exampletest4 -->
