<?xml version="1.0" encoding="UTF-8"?>
<!-- Generated by org.testng.reporters.JUnitXMLReporter -->
<testsuite hostname="mac.local" ignored="0" name="Default test" tests="4" failures="0" timestamp="2021-07-11T12:17:03 IST" time="8.471" errors="0">
  <testcase name="second" time="7.746" classname="Org.Testing.TestTriggers.Trigger"/>
  <testcase name="first" time="0.301" classname="Org.Testing.TestTriggers.Trigger"/>
  <testcase name="fourth" time="0.129" classname="Org.Testing.TestTriggers.Trigger"/>
  <testcase name="third" time="0.115" classname="Org.Testing.TestTriggers.Trigger"/>
</testsuite> <!-- Default test -->
