<?xml version="1.0" encoding="UTF-8"?>
<!-- Generated by org.testng.reporters.JUnitXMLReporter -->
<testsuite hostname="mac.local" ignored="0" name="Regression1" tests="4" failures="0" timestamp="2021-07-11T12:33:40 IST" time="8.709" errors="0">
  <testcase name="second" time="8.002" classname="Org.Testing.TestTriggers.Trigger"/>
  <testcase name="first" time="0.256" classname="Org.Testing.TestTriggers.Trigger"/>
  <testcase name="fourth" time="0.177" classname="Org.Testing.TestTriggers.Trigger"/>
  <testcase name="third" time="0.122" classname="Org.Testing.TestTriggers.Trigger"/>
</testsuite> <!-- Regression1 -->
